2021-08-25 17:29:42.124  WARN [,,,] 15552 --- [main] c.a.c.n.c.NacosPropertySourceBuilder     : Ignore the empty nacos configuration and get it based on dataId[order-service] & group[DEFAULT_GROUP]
2021-08-25 17:29:42.130  WARN [,,,] 15552 --- [main] c.a.c.n.c.NacosPropertySourceBuilder     : Ignore the empty nacos configuration and get it based on dataId[order-service.properties] & group[DEFAULT_GROUP]
2021-08-25 17:29:42.131  INFO [,,,] 15552 --- [main] b.c.PropertySourceBootstrapConfiguration : Located property source: [BootstrapPropertySource {name='bootstrapProperties-order-service.properties,DEFAULT_GROUP'}, BootstrapPropertySource {name='bootstrapProperties-order-service,DEFAULT_GROUP'}]
2021-08-25 17:29:42.152  INFO [,,,] 15552 --- [main] com.cm.order.OrderApplication            : No active profile set, falling back to default profiles: default
2021-08-25 17:29:43.349  WARN [,,,] 15552 --- [main] o.s.boot.actuate.endpoint.EndpointId     : Endpoint ID 'service-registry' contains invalid characters, please migrate to a valid format.
2021-08-25 17:29:43.430  WARN [,,,] 15552 --- [main] ConfigServletWebServerApplicationContext : Exception encountered during context initialization - cancelling refresh attempt: org.springframework.beans.factory.support.BeanDefinitionOverrideException: Invalid bean definition with name 'feignHystrixBuilder' defined in class path resource [org/springframework/cloud/sleuth/instrument/web/client/feign/TraceFeignClientAutoConfiguration.class]: Cannot register bean definition [Root bean: class [null]; scope=prototype; abstract=false; lazyInit=null; autowireMode=3; dependencyCheck=0; autowireCandidate=true; primary=false; factoryBeanName=org.springframework.cloud.sleuth.instrument.web.client.feign.TraceFeignClientAutoConfiguration; factoryMethodName=feignHystrixBuilder; initMethodName=null; destroyMethodName=(inferred); defined in class path resource [org/springframework/cloud/sleuth/instrument/web/client/feign/TraceFeignClientAutoConfiguration.class]] for bean 'feignHystrixBuilder': There is already [Root bean: class [null]; scope=prototype; abstract=false; lazyInit=null; autowireMode=3; dependencyCheck=0; autowireCandidate=true; primary=false; factoryBeanName=com.alibaba.cloud.seata.feign.SeataFeignClientAutoConfiguration; factoryMethodName=feignHystrixBuilder; initMethodName=null; destroyMethodName=(inferred); defined in class path resource [com/alibaba/cloud/seata/feign/SeataFeignClientAutoConfiguration.class]] bound.
2021-08-25 17:29:43.443  INFO [,,,] 15552 --- [main] ConditionEvaluationReportLoggingListener : 

Error starting ApplicationContext. To display the conditions report re-run your application with 'debug' enabled.
2021-08-25 17:29:43.489 ERROR [,,,] 15552 --- [main] o.s.b.d.LoggingFailureAnalysisReporter   : 

***************************
APPLICATION FAILED TO START
***************************

Description:

The bean 'feignHystrixBuilder', defined in class path resource [org/springframework/cloud/sleuth/instrument/web/client/feign/TraceFeignClientAutoConfiguration.class], could not be registered. A bean with that name has already been defined in class path resource [com/alibaba/cloud/seata/feign/SeataFeignClientAutoConfiguration.class] and overriding is disabled.

Action:

Consider renaming one of the beans or enabling overriding by setting spring.main.allow-bean-definition-overriding=true

2021-08-25 17:30:51.351  WARN [,,,] 16068 --- [main] c.a.c.n.c.NacosPropertySourceBuilder     : Ignore the empty nacos configuration and get it based on dataId[order-service] & group[DEFAULT_GROUP]
2021-08-25 17:30:51.354  WARN [,,,] 16068 --- [main] c.a.c.n.c.NacosPropertySourceBuilder     : Ignore the empty nacos configuration and get it based on dataId[order-service.properties] & group[DEFAULT_GROUP]
2021-08-25 17:30:51.355  INFO [,,,] 16068 --- [main] b.c.PropertySourceBootstrapConfiguration : Located property source: [BootstrapPropertySource {name='bootstrapProperties-order-service.properties,DEFAULT_GROUP'}, BootstrapPropertySource {name='bootstrapProperties-order-service,DEFAULT_GROUP'}]
2021-08-25 17:30:51.378  INFO [,,,] 16068 --- [main] com.cm.order.OrderApplication            : No active profile set, falling back to default profiles: default
2021-08-25 17:30:52.210  WARN [,,,] 16068 --- [main] o.s.boot.actuate.endpoint.EndpointId     : Endpoint ID 'service-registry' contains invalid characters, please migrate to a valid format.
2021-08-25 17:30:52.310  WARN [,,,] 16068 --- [main] ConfigServletWebServerApplicationContext : Exception encountered during context initialization - cancelling refresh attempt: org.springframework.beans.factory.support.BeanDefinitionOverrideException: Invalid bean definition with name 'feignHystrixBuilder' defined in class path resource [org/springframework/cloud/sleuth/instrument/web/client/feign/TraceFeignClientAutoConfiguration.class]: Cannot register bean definition [Root bean: class [null]; scope=prototype; abstract=false; lazyInit=null; autowireMode=3; dependencyCheck=0; autowireCandidate=true; primary=false; factoryBeanName=org.springframework.cloud.sleuth.instrument.web.client.feign.TraceFeignClientAutoConfiguration; factoryMethodName=feignHystrixBuilder; initMethodName=null; destroyMethodName=(inferred); defined in class path resource [org/springframework/cloud/sleuth/instrument/web/client/feign/TraceFeignClientAutoConfiguration.class]] for bean 'feignHystrixBuilder': There is already [Root bean: class [null]; scope=prototype; abstract=false; lazyInit=null; autowireMode=3; dependencyCheck=0; autowireCandidate=true; primary=false; factoryBeanName=com.alibaba.cloud.seata.feign.SeataFeignClientAutoConfiguration; factoryMethodName=feignHystrixBuilder; initMethodName=null; destroyMethodName=(inferred); defined in class path resource [com/alibaba/cloud/seata/feign/SeataFeignClientAutoConfiguration.class]] bound.
2021-08-25 17:30:52.326  INFO [,,,] 16068 --- [main] ConditionEvaluationReportLoggingListener : 

Error starting ApplicationContext. To display the conditions report re-run your application with 'debug' enabled.
2021-08-25 17:30:52.335 ERROR [,,,] 16068 --- [main] o.s.b.d.LoggingFailureAnalysisReporter   : 

***************************
APPLICATION FAILED TO START
***************************

Description:

The bean 'feignHystrixBuilder', defined in class path resource [org/springframework/cloud/sleuth/instrument/web/client/feign/TraceFeignClientAutoConfiguration.class], could not be registered. A bean with that name has already been defined in class path resource [com/alibaba/cloud/seata/feign/SeataFeignClientAutoConfiguration.class] and overriding is disabled.

Action:

Consider renaming one of the beans or enabling overriding by setting spring.main.allow-bean-definition-overriding=true

2021-08-25 17:32:14.001  WARN [,,,] 18356 --- [main] c.a.c.n.c.NacosPropertySourceBuilder     : Ignore the empty nacos configuration and get it based on dataId[order-service] & group[DEFAULT_GROUP]
2021-08-25 17:32:14.006  WARN [,,,] 18356 --- [main] c.a.c.n.c.NacosPropertySourceBuilder     : Ignore the empty nacos configuration and get it based on dataId[order-service.properties] & group[DEFAULT_GROUP]
2021-08-25 17:32:14.008  INFO [,,,] 18356 --- [main] b.c.PropertySourceBootstrapConfiguration : Located property source: [BootstrapPropertySource {name='bootstrapProperties-order-service.properties,DEFAULT_GROUP'}, BootstrapPropertySource {name='bootstrapProperties-order-service,DEFAULT_GROUP'}]
2021-08-25 17:32:14.036  INFO [,,,] 18356 --- [main] com.cm.order.OrderApplication            : No active profile set, falling back to default profiles: default
2021-08-25 17:32:14.860  WARN [,,,] 18356 --- [main] o.s.boot.actuate.endpoint.EndpointId     : Endpoint ID 'service-registry' contains invalid characters, please migrate to a valid format.
2021-08-25 17:32:15.063  INFO [,,,] 18356 --- [main] o.s.cloud.context.scope.GenericScope     : BeanFactory id=a53b076e-ce67-354e-ad5b-6e5422a5c8db
2021-08-25 17:32:15.074  INFO [,,,] 18356 --- [main] trationDelegate$BeanPostProcessorChecker : Bean 'io.seata.spring.boot.autoconfigure.SeataAutoConfiguration' of type [io.seata.spring.boot.autoconfigure.SeataAutoConfiguration$$EnhancerBySpringCGLIB$$eeda8a9e] is not eligible for getting processed by all BeanPostProcessors (for example: not eligible for auto-proxying)
2021-08-25 17:32:15.093  INFO [,,,] 18356 --- [main] trationDelegate$BeanPostProcessorChecker : Bean 'springApplicationContextProvider' of type [io.seata.spring.boot.autoconfigure.provider.SpringApplicationContextProvider] is not eligible for getting processed by all BeanPostProcessors (for example: not eligible for auto-proxying)
2021-08-25 17:32:15.249  INFO [,,,] 18356 --- [main] trationDelegate$BeanPostProcessorChecker : Bean 'failureHandler' of type [io.seata.tm.api.DefaultFailureHandlerImpl] is not eligible for getting processed by all BeanPostProcessors (for example: not eligible for auto-proxying)
2021-08-25 17:32:15.256  INFO [,,,] 18356 --- [main] trationDelegate$BeanPostProcessorChecker : Bean 'spring.cloud.alibaba.seata-io.seata.spring.boot.autoconfigure.properties.SpringCloudAlibabaConfiguration' of type [io.seata.spring.boot.autoconfigure.properties.SpringCloudAlibabaConfiguration] is not eligible for getting processed by all BeanPostProcessors (for example: not eligible for auto-proxying)
2021-08-25 17:32:15.258  INFO [,,,] 18356 --- [main] trationDelegate$BeanPostProcessorChecker : Bean 'seata-io.seata.spring.boot.autoconfigure.properties.SeataProperties' of type [io.seata.spring.boot.autoconfigure.properties.SeataProperties] is not eligible for getting processed by all BeanPostProcessors (for example: not eligible for auto-proxying)
2021-08-25 17:32:15.259  INFO [,,,] 18356 --- [main] i.s.s.b.a.SeataAutoConfiguration         : Automatically configure Seata
2021-08-25 17:32:15.294  INFO [,,,] 18356 --- [main] io.seata.config.ConfigurationFactory     : load Configuration:FileConfiguration$$EnhancerByCGLIB$$862af1eb
2021-08-25 17:32:15.316  INFO [,,,] 18356 --- [main] trationDelegate$BeanPostProcessorChecker : Bean 'configProperties' of type [io.seata.spring.boot.autoconfigure.properties.config.ConfigProperties] is not eligible for getting processed by all BeanPostProcessors (for example: not eligible for auto-proxying)
2021-08-25 17:32:15.328  INFO [,,,] 18356 --- [main] trationDelegate$BeanPostProcessorChecker : Bean 'configNacosProperties' of type [io.seata.spring.boot.autoconfigure.properties.config.ConfigNacosProperties] is not eligible for getting processed by all BeanPostProcessors (for example: not eligible for auto-proxying)
2021-08-25 17:32:15.509  INFO [,,,] 18356 --- [main] c.a.nacos.client.config.utils.JVMUtil    : isMultiInstance:false
2021-08-25 17:32:15.514  INFO [,,,] 18356 --- [main] i.s.s.a.GlobalTransactionScanner         : Initializing Global Transaction Clients ... 
2021-08-25 17:32:15.709  INFO [,,,] 18356 --- [main] i.s.core.rpc.netty.NettyClientBootstrap  : NettyClientBootstrap has started
2021-08-25 17:32:15.709  INFO [,,,] 18356 --- [main] i.s.s.a.GlobalTransactionScanner         : Transaction Manager Client is initialized. applicationId[order-service] txServiceGroup[my_test_tx_group]
2021-08-25 17:32:15.728  INFO [,,,] 18356 --- [main] io.seata.rm.datasource.AsyncWorker       : Async Commit Buffer Limit: 10000
2021-08-25 17:32:15.729  INFO [,,,] 18356 --- [main] i.s.rm.datasource.xa.ResourceManagerXA   : ResourceManagerXA init ...
2021-08-25 17:32:15.740  INFO [,,,] 18356 --- [main] i.s.core.rpc.netty.NettyClientBootstrap  : NettyClientBootstrap has started
2021-08-25 17:32:15.740  INFO [,,,] 18356 --- [main] i.s.s.a.GlobalTransactionScanner         : Resource Manager is initialized. applicationId[order-service] txServiceGroup[my_test_tx_group]
2021-08-25 17:32:15.741  INFO [,,,] 18356 --- [main] i.s.s.a.GlobalTransactionScanner         : Global Transaction Clients are initialized. 
2021-08-25 17:32:15.941  INFO [,,,] 18356 --- [main] trationDelegate$BeanPostProcessorChecker : Bean 'com.alibaba.cloud.seata.feign.SeataFeignClientAutoConfiguration$FeignBeanPostProcessorConfiguration' of type [com.alibaba.cloud.seata.feign.SeataFeignClientAutoConfiguration$FeignBeanPostProcessorConfiguration] is not eligible for getting processed by all BeanPostProcessors (for example: not eligible for auto-proxying)
2021-08-25 17:32:15.947  INFO [,,,] 18356 --- [main] trationDelegate$BeanPostProcessorChecker : Bean 'seataFeignObjectWrapper' of type [com.alibaba.cloud.seata.feign.SeataFeignObjectWrapper] is not eligible for getting processed by all BeanPostProcessors (for example: not eligible for auto-proxying)
2021-08-25 17:32:15.958  INFO [,,,] 18356 --- [main] trationDelegate$BeanPostProcessorChecker : Bean 'spring.cloud.sentinel-com.alibaba.cloud.sentinel.SentinelProperties' of type [com.alibaba.cloud.sentinel.SentinelProperties] is not eligible for getting processed by all BeanPostProcessors (for example: not eligible for auto-proxying)
2021-08-25 17:32:15.962  INFO [,,,] 18356 --- [main] trationDelegate$BeanPostProcessorChecker : Bean 'com.alibaba.cloud.sentinel.custom.SentinelAutoConfiguration' of type [com.alibaba.cloud.sentinel.custom.SentinelAutoConfiguration] is not eligible for getting processed by all BeanPostProcessors (for example: not eligible for auto-proxying)
2021-08-25 17:32:16.420  INFO [,,,] 18356 --- [main] o.s.b.w.embedded.tomcat.TomcatWebServer  : Tomcat initialized with port(s): 6770 (http)
2021-08-25 17:32:16.441  INFO [,,,] 18356 --- [main] o.apache.catalina.core.StandardService   : Starting service [Tomcat]
2021-08-25 17:32:16.441  INFO [,,,] 18356 --- [main] org.apache.catalina.core.StandardEngine  : Starting Servlet engine: [Apache Tomcat/9.0.46]
2021-08-25 17:32:16.445  INFO [,,,] 18356 --- [main] o.a.catalina.core.AprLifecycleListener   : An older version [1.2.14] of the Apache Tomcat Native library is installed, while Tomcat recommends a minimum version of [1.2.23]
2021-08-25 17:32:16.445  INFO [,,,] 18356 --- [main] o.a.catalina.core.AprLifecycleListener   : Loaded Apache Tomcat Native library [1.2.14] using APR version [1.6.2].
2021-08-25 17:32:16.445  INFO [,,,] 18356 --- [main] o.a.catalina.core.AprLifecycleListener   : APR capabilities: IPv6 [true], sendfile [true], accept filters [false], random [true].
2021-08-25 17:32:16.446  INFO [,,,] 18356 --- [main] o.a.catalina.core.AprLifecycleListener   : APR/OpenSSL configuration: useAprConnector [false], useOpenSSL [true]
2021-08-25 17:32:17.507  INFO [,,,] 18356 --- [main] o.a.catalina.core.AprLifecycleListener   : OpenSSL successfully initialized [OpenSSL 1.0.2l  25 May 2017]
2021-08-25 17:32:17.749  INFO [,,,] 18356 --- [main] o.a.c.c.C.[Tomcat].[localhost].[/]       : Initializing Spring embedded WebApplicationContext
2021-08-25 17:32:17.750  INFO [,,,] 18356 --- [main] w.s.c.ServletWebServerApplicationContext : Root WebApplicationContext: initialization completed in 3691 ms
2021-08-25 17:32:18.495  INFO [,,,] 18356 --- [main] .s.s.a.d.SeataAutoDataSourceProxyCreator : Auto proxy of [dataSource]
2021-08-25 17:32:18.557  INFO [,,,] 18356 --- [main] com.zaxxer.hikari.HikariDataSource       : HikariPool-1 - Starting...
2021-08-25 17:32:19.298  INFO [,,,] 18356 --- [main] com.zaxxer.hikari.HikariDataSource       : HikariPool-1 - Start completed.
2021-08-25 17:32:19.977  INFO [,,,] 18356 --- [main] i.s.s.a.GlobalTransactionScanner         : Bean[com.cm.order.service.impl.OrderServiceImpl$$EnhancerBySpringCGLIB$$bdc983f9] with name [orderServiceImpl] would use interceptor [io.seata.spring.annotation.GlobalTransactionalInterceptor]
2021-08-25 17:32:20.093  WARN [,,,] 18356 --- [main] c.n.c.sources.URLConfigurationSource     : No URLs will be polled as dynamic configuration sources.
2021-08-25 17:32:20.093  INFO [,,,] 18356 --- [main] c.n.c.sources.URLConfigurationSource     : To enable URLs as dynamic configuration sources, define System property archaius.configurationSource.additionalUrls or make config.properties available on classpath.
2021-08-25 17:32:20.096  WARN [,,,] 18356 --- [main] c.n.c.sources.URLConfigurationSource     : No URLs will be polled as dynamic configuration sources.
2021-08-25 17:32:20.096  INFO [,,,] 18356 --- [main] c.n.c.sources.URLConfigurationSource     : To enable URLs as dynamic configuration sources, define System property archaius.configurationSource.additionalUrls or make config.properties available on classpath.
2021-08-25 17:32:20.306  INFO [,,,] 18356 --- [main] o.s.s.concurrent.ThreadPoolTaskExecutor  : Initializing ExecutorService 'applicationTaskExecutor'
2021-08-25 17:32:20.368  INFO [,,,] 18356 --- [main] c.a.c.s.SentinelWebAutoConfiguration     : [Sentinel Starter] register SentinelWebInterceptor with urlPatterns: [/**].
2021-08-25 17:32:20.678  INFO [,,,] 18356 --- [main] o.s.s.c.ThreadPoolTaskScheduler          : Initializing ExecutorService 'Nacso-Watch-Task-Scheduler'
2021-08-25 17:32:20.688  INFO [,,,] 18356 --- [main] com.alibaba.nacos.client.naming          : initializer namespace from System Property :null
2021-08-25 17:32:20.689  INFO [,,,] 18356 --- [main] com.alibaba.nacos.client.naming          : initializer namespace from System Environment :null
2021-08-25 17:32:20.689  INFO [,,,] 18356 --- [main] com.alibaba.nacos.client.naming          : initializer namespace from System Property :null
2021-08-25 17:32:20.842  INFO [,,,] 18356 --- [main] com.alibaba.nacos.client.naming          : initializer namespace from System Property :null
2021-08-25 17:32:20.842  INFO [,,,] 18356 --- [main] com.alibaba.nacos.client.naming          : initializer namespace from System Environment :null
2021-08-25 17:32:20.842  INFO [,,,] 18356 --- [main] com.alibaba.nacos.client.naming          : initializer namespace from System Property :null
2021-08-25 17:32:20.964  INFO [,,,] 18356 --- [main] com.alibaba.nacos.client.naming          : new ips(1) service: SEATA_GROUP@@seata-server@@default -> [{"clusterName":"default","enabled":true,"ephemeral":true,"healthy":true,"instanceHeartBeatInterval":5000,"instanceHeartBeatTimeOut":15000,"instanceId":"192.168.224.1#8091#default#SEATA_GROUP@@seata-server","instanceIdGenerator":"simple","ip":"192.168.224.1","ipDeleteTimeout":30000,"metadata":{},"port":8091,"serviceName":"SEATA_GROUP@@seata-server","weight":1.0}]
2021-08-25 17:32:20.970  INFO [,,,] 18356 --- [main] com.alibaba.nacos.client.naming          : current ips:(1) service: SEATA_GROUP@@seata-server@@default -> [{"clusterName":"default","enabled":true,"ephemeral":true,"healthy":true,"instanceHeartBeatInterval":5000,"instanceHeartBeatTimeOut":15000,"instanceId":"192.168.224.1#8091#default#SEATA_GROUP@@seata-server","instanceIdGenerator":"simple","ip":"192.168.224.1","ipDeleteTimeout":30000,"metadata":{},"port":8091,"serviceName":"SEATA_GROUP@@seata-server","weight":1.0}]
2021-08-25 17:32:20.972  INFO [,,,] 18356 --- [main] com.alibaba.nacos.client.naming          : [LISTENER] adding SEATA_GROUP@@seata-server with default to listener map
2021-08-25 17:32:20.988  INFO [,,,] 18356 --- [main] i.s.c.r.netty.NettyClientChannelManager  : will connect to 192.168.224.1:8091
2021-08-25 17:32:20.988  INFO [,,,] 18356 --- [main] i.s.c.rpc.netty.RmNettyRemotingClient    : RM will register :jdbc:mysql://localhost:3306/order
2021-08-25 17:32:20.990  INFO [,,,] 18356 --- [main] i.s.core.rpc.netty.NettyPoolableFactory  : NettyPool create channel to transactionRole:RMROLE,address:192.168.224.1:8091,msg:< RegisterRMRequest{resourceIds='jdbc:mysql://localhost:3306/order', applicationId='order-service', transactionServiceGroup='my_test_tx_group'} >
2021-08-25 17:32:21.419  INFO [,,,] 18356 --- [main] i.s.c.rpc.netty.RmNettyRemotingClient    : register RM success. client version:1.3.0, server version:1.3.0,channel:[id: 0xd42ff111, L:/192.168.224.1:49296 - R:/192.168.224.1:8091]
2021-08-25 17:32:21.424  INFO [,,,] 18356 --- [main] i.s.core.rpc.netty.NettyPoolableFactory  : register success, cost 85 ms, version:1.3.0,role:RMROLE,channel:[id: 0xd42ff111, L:/192.168.224.1:49296 - R:/192.168.224.1:8091]
2021-08-25 17:32:21.480  INFO [,,,] 18356 --- [com.alibaba.nacos.naming.push.receiver] com.alibaba.nacos.client.naming          : received push data: {"type":"dom","data":"{\"name\":\"SEATA_GROUP@@seata-server\",\"clusters\":\"default\",\"cacheMillis\":10000,\"hosts\":[{\"instanceId\":\"192.168.224.1#8091#default#SEATA_GROUP@@seata-server\",\"ip\":\"192.168.224.1\",\"port\":8091,\"weight\":1.0,\"healthy\":true,\"enabled\":true,\"ephemeral\":true,\"clusterName\":\"default\",\"serviceName\":\"SEATA_GROUP@@seata-server\",\"metadata\":{},\"instanceHeartBeatInterval\":5000,\"instanceHeartBeatTimeOut\":15000,\"ipDeleteTimeout\":30000,\"instanceIdGenerator\":\"simple\"}],\"lastRefTime\":1629883941479,\"checksum\":\"\",\"allIPs\":false,\"reachProtectionThreshold\":false,\"valid\":true}","lastRefTime":28493514244700} from /192.168.224.1
2021-08-25 17:32:21.497  WARN [,,,] 18356 --- [main] o.s.boot.actuate.endpoint.EndpointId     : Endpoint ID 'nacos-config' contains invalid characters, please migrate to a valid format.
2021-08-25 17:32:21.498  WARN [,,,] 18356 --- [main] o.s.boot.actuate.endpoint.EndpointId     : Endpoint ID 'nacos-discovery' contains invalid characters, please migrate to a valid format.
2021-08-25 17:32:21.935  INFO [,,,] 18356 --- [main] o.s.s.c.ThreadPoolTaskScheduler          : Initializing ExecutorService
2021-08-25 17:32:22.595  INFO [,,,] 18356 --- [main] o.s.b.w.embedded.tomcat.TomcatWebServer  : Tomcat started on port(s): 6770 (http) with context path ''
2021-08-25 17:32:22.597  INFO [,,,] 18356 --- [main] com.alibaba.nacos.client.naming          : [BEAT] adding beat: {"cluster":"DEFAULT","ip":"192.168.102.10","metadata":{"management.port":"7057","preserved.register.source":"SPRING_CLOUD","management.context-path":"/sys"},"period":5000,"port":6770,"scheduled":false,"serviceName":"DEFAULT_GROUP@@order-service","stopped":false,"weight":1.0} to beat map.
2021-08-25 17:32:22.599  INFO [,,,] 18356 --- [main] com.alibaba.nacos.client.naming          : [REGISTER-SERVICE] public registering service DEFAULT_GROUP@@order-service with instance: {"clusterName":"DEFAULT","enabled":true,"ephemeral":true,"healthy":true,"instanceHeartBeatInterval":5000,"instanceHeartBeatTimeOut":15000,"ip":"192.168.102.10","ipDeleteTimeout":30000,"metadata":{"management.port":"7057","preserved.register.source":"SPRING_CLOUD","management.context-path":"/sys"},"port":6770,"weight":1.0}
2021-08-25 17:32:22.621  INFO [,,,] 18356 --- [main] c.a.c.n.registry.NacosServiceRegistry    : nacos registry, DEFAULT_GROUP order-service 192.168.102.10:6770 register finished
2021-08-25 17:32:22.824  INFO [,,,] 18356 --- [main] o.s.b.w.embedded.tomcat.TomcatWebServer  : Tomcat initialized with port(s): 7057 (http)
2021-08-25 17:32:22.825  INFO [,,,] 18356 --- [main] o.apache.catalina.core.StandardService   : Starting service [Tomcat]
2021-08-25 17:32:22.825  INFO [,,,] 18356 --- [main] org.apache.catalina.core.StandardEngine  : Starting Servlet engine: [Apache Tomcat/9.0.46]
2021-08-25 17:32:22.856  INFO [,,,] 18356 --- [main] o.a.c.c.C.[Tomcat-1].[localhost].[/sys]  : Initializing Spring embedded WebApplicationContext
2021-08-25 17:32:22.856  INFO [,,,] 18356 --- [main] w.s.c.ServletWebServerApplicationContext : Root WebApplicationContext: initialization completed in 93 ms
2021-08-25 17:32:22.859  INFO [,,,] 18356 --- [main] o.s.b.a.e.web.ServletEndpointRegistrar   : Registered '/actuator/jolokia' to jolokia-actuator-endpoint
2021-08-25 17:32:22.865  INFO [,,,] 18356 --- [main] o.s.b.a.e.web.EndpointLinksResolver      : Exposing 22 endpoint(s) beneath base path '/actuator'
2021-08-25 17:32:22.881  INFO [,,,] 18356 --- [main] c.a.c.s.SentinelWebAutoConfiguration     : [Sentinel Starter] register SentinelWebInterceptor with urlPatterns: [/**].
2021-08-25 17:32:22.905  INFO [,,,] 18356 --- [main] o.s.b.w.embedded.tomcat.TomcatWebServer  : Tomcat started on port(s): 7057 (http) with context path '/sys'
2021-08-25 17:32:23.068  INFO [,,,] 18356 --- [main] com.cm.order.OrderApplication            : Started OrderApplication in 10.467 seconds (JVM running for 11.289)
2021-08-25 17:32:23.714  INFO [,,,] 18356 --- [RMI TCP Connection(3)-192.168.224.1] o.a.c.c.C.[Tomcat].[localhost].[/]       : Initializing Spring DispatcherServlet 'dispatcherServlet'
2021-08-25 17:32:23.714  INFO [,,,] 18356 --- [RMI TCP Connection(3)-192.168.224.1] o.s.web.servlet.DispatcherServlet        : Initializing Servlet 'dispatcherServlet'
2021-08-25 17:32:23.747  INFO [,,,] 18356 --- [RMI TCP Connection(3)-192.168.224.1] o.s.web.servlet.DispatcherServlet        : Completed initialization in 33 ms
2021-08-25 17:32:33.147  INFO [,,,] 18356 --- [http-nio-7057-exec-2] o.a.c.c.C.[Tomcat-1].[localhost].[/sys]  : Initializing Spring DispatcherServlet 'dispatcherServlet'
2021-08-25 17:32:33.147  INFO [,,,] 18356 --- [http-nio-7057-exec-2] o.s.web.servlet.DispatcherServlet        : Initializing Servlet 'dispatcherServlet'
2021-08-25 17:32:33.147  INFO [,,,] 18356 --- [http-nio-7057-exec-2] o.s.web.servlet.DispatcherServlet        : Completed initialization in 0 ms
2021-08-25 17:32:33.154  INFO [,,,] 18356 --- [registrationTask1] d.c.b.a.c.r.ApplicationRegistrator       : Application registered itself as 4470566ff468
2021-08-25 17:32:43.398  INFO [,,,] 18356 --- [http-nio-7057-exec-8] o.a.c.c.C.[Tomcat-1].[localhost].[/sys]  : jolokia-actuator-endpoint: No access restrictor found, access to any MBean is allowed
2021-08-25 17:33:15.693  INFO [,,,] 18356 --- [timeoutChecker_1_1] i.s.c.r.netty.NettyClientChannelManager  : will connect to 192.168.224.1:8091
2021-08-25 17:33:15.733  INFO [,,,] 18356 --- [timeoutChecker_1_1] i.s.core.rpc.netty.NettyPoolableFactory  : NettyPool create channel to transactionRole:TMROLE,address:192.168.224.1:8091,msg:< RegisterTMRequest{applicationId='order-service', transactionServiceGroup='my_test_tx_group'} >
2021-08-25 17:33:15.763  INFO [,,,] 18356 --- [timeoutChecker_1_1] i.s.c.rpc.netty.TmNettyRemotingClient    : register TM success. client version:1.3.0, server version:1.3.0,channel:[id: 0xa2998fe8, L:/192.168.224.1:60171 - R:/192.168.224.1:8091]
2021-08-25 17:33:15.764  INFO [,,,] 18356 --- [timeoutChecker_1_1] i.s.core.rpc.netty.NettyPoolableFactory  : register success, cost 26 ms, version:1.3.0,role:TMROLE,channel:[id: 0xa2998fe8, L:/192.168.224.1:60171 - R:/192.168.224.1:8091]
